0 info it worked if it ends with ok
1 verbose cli [ '/usr/bin/node-v6.11.0-linux-x64/bin/node',
1 verbose cli   '/usr/bin/npm',
1 verbose cli   'start',
1 verbose cli   'man',
1 verbose cli   'you',
1 verbose cli   'are' ]
2 info using npm@3.10.10
3 info using node@v6.11.0
4 verbose run-script [ 'prestart', 'start', 'poststart' ]
5 info lifecycle file-handler@1.0.0~prestart: file-handler@1.0.0
6 silly lifecycle file-handler@1.0.0~prestart: no script for prestart, continuing
7 info lifecycle file-handler@1.0.0~start: file-handler@1.0.0
8 verbose lifecycle file-handler@1.0.0~start: unsafe-perm in lifecycle true
9 verbose lifecycle file-handler@1.0.0~start: PATH: /usr/bin/node-v6.11.0-linux-x64/lib/node_modules/npm/bin/node-gyp-bin:/home/osvaldo/Desktop/projetcts/file-handler/node_modules/.bin:/usr/bin/node-v6.11.0-linux-x64/bin:/usr/local/sbin:/usr/local/bin:/usr/sbin:/usr/bin:/sbin:/bin:/usr/games:/usr/local/games:/snap/bin:/snap/bin:/home/osvaldo/Desktop/projetcts/
10 verbose lifecycle file-handler@1.0.0~start: CWD: /home/osvaldo/Desktop/projetcts/file-handler
11 silly lifecycle file-handler@1.0.0~start: Args: [ '-c', 'node server.js "man" "you" "are"' ]
12 silly lifecycle file-handler@1.0.0~start: Returned: code: 1  signal: null
13 info lifecycle file-handler@1.0.0~start: Failed to exec start script
14 verbose stack Error: file-handler@1.0.0 start: `node server.js "man" "you" "are"`
14 verbose stack Exit status 1
14 verbose stack     at EventEmitter.<anonymous> (/usr/bin/node-v6.11.0-linux-x64/lib/node_modules/npm/lib/utils/lifecycle.js:255:16)
14 verbose stack     at emitTwo (events.js:106:13)
14 verbose stack     at EventEmitter.emit (events.js:191:7)
14 verbose stack     at ChildProcess.<anonymous> (/usr/bin/node-v6.11.0-linux-x64/lib/node_modules/npm/lib/utils/spawn.js:40:14)
14 verbose stack     at emitTwo (events.js:106:13)
14 verbose stack     at ChildProcess.emit (events.js:191:7)
14 verbose stack     at maybeClose (internal/child_process.js:891:16)
14 verbose stack     at Process.ChildProcess._handle.onexit (internal/child_process.js:226:5)
15 verbose pkgid file-handler@1.0.0
16 verbose cwd /home/osvaldo/Desktop/projetcts/file-handler
17 error Linux 4.10.0-35-generic
18 error argv "/usr/bin/node-v6.11.0-linux-x64/bin/node" "/usr/bin/npm" "start" "man" "you" "are"
19 error node v6.11.0
20 error npm  v3.10.10
21 error code ELIFECYCLE
22 error file-handler@1.0.0 start: `node server.js "man" "you" "are"`
22 error Exit status 1
23 error Failed at the file-handler@1.0.0 start script 'node server.js "man" "you" "are"'.
23 error Make sure you have the latest version of node.js and npm installed.
23 error If you do, this is most likely a problem with the file-handler package,
23 error not with npm itself.
23 error Tell the author that this fails on your system:
23 error     node server.js "man" "you" "are"
23 error You can get information on how to open an issue for this project with:
23 error     npm bugs file-handler
23 error Or if that isn't available, you can get their info via:
23 error     npm owner ls file-handler
23 error There is likely additional logging output above.
24 verbose exit [ 1, true ]
